TN:
SF:src/modules/appointments/services/CreateAppointmentService.ts
FN:18,CreateAppointmentService
FN:25,Object.<anonymous>.CreateAppointmentService.execute
FNF:2
FNH:2
FNDA:5,CreateAppointmentService
FNDA:7,Object.<anonymous>.CreateAppointmentService.execute
DA:1,1
DA:2,1
DA:3,1
DA:4,1
DA:5,1
DA:6,1
DA:7,1
DA:8,1
DA:9,1
DA:10,1
DA:11,1
DA:12,1
DA:13,1
DA:14,1
DA:15,1
DA:16,1
DA:17,1
DA:18,1
DA:19,5
DA:20,5
DA:21,5
DA:22,5
DA:23,5
DA:24,1
DA:25,1
DA:26,7
DA:27,7
DA:28,7
DA:29,7
DA:30,7
DA:31,7
DA:32,7
DA:33,7
DA:34,2
DA:35,2
DA:36,5
DA:37,7
DA:38,1
DA:39,1
DA:40,4
DA:41,7
DA:42,1
DA:43,1
DA:44,3
DA:45,3
DA:46,3
DA:47,3
DA:48,7
DA:49,7
DA:50,1
DA:51,1
DA:52,2
DA:53,2
DA:54,2
DA:55,2
DA:56,2
DA:57,2
DA:58,7
DA:59,7
DA:60,7
DA:61,1
DA:62,1
DA:63,1
LF:63
LH:63
BRDA:16,0,0,1
BRDA:18,1,0,5
BRDA:25,2,0,7
BRDA:33,3,0,2
BRDA:36,4,0,5
BRDA:37,5,0,1
BRDA:40,6,0,4
BRDA:41,7,0,3
BRDA:41,8,0,1
BRDA:44,9,0,3
BRDA:49,10,0,1
BRDA:52,11,0,2
BRF:12
BRH:12
end_of_record
TN:
SF:src/modules/appointments/services/ListProviderDayAvailabilityService.ts
FN:22,ListProviderDayAvailabilityService
FN:27,Object.<anonymous>.ListProviderDayAvailabilityService.execute
FNF:2
FNH:2
FNDA:1,ListProviderDayAvailabilityService
FNDA:1,Object.<anonymous>.ListProviderDayAvailabilityService.execute
DA:1,1
DA:2,1
DA:3,1
DA:4,1
DA:5,1
DA:6,1
DA:7,1
DA:8,1
DA:9,1
DA:10,1
DA:11,1
DA:12,1
DA:13,1
DA:14,1
DA:15,1
DA:16,1
DA:17,1
DA:18,1
DA:19,1
DA:20,1
DA:21,1
DA:22,1
DA:23,1
DA:24,1
DA:25,1
DA:26,1
DA:27,1
DA:28,1
DA:29,1
DA:30,1
DA:31,1
DA:32,1
DA:33,1
DA:34,1
DA:35,1
DA:36,1
DA:37,1
DA:38,1
DA:39,1
DA:40,1
DA:41,1
DA:42,1
DA:43,1
DA:44,1
DA:45,10
DA:46,10
DA:47,10
DA:48,10
DA:49,10
DA:50,10
DA:51,10
DA:52,10
DA:53,10
DA:54,10
DA:55,1
DA:56,1
DA:57,1
DA:58,1
DA:59,1
DA:60,1
DA:61,1
LF:61
LH:61
BRDA:20,0,0,1
BRDA:22,1,0,1
BRDA:27,2,0,1
BRDA:28,3,0,1
BRDA:39,4,0,10
BRDA:44,5,0,10
BRDA:53,6,0,8
BRDA:46,7,0,19
BRF:8
BRH:8
end_of_record
TN:
SF:src/modules/appointments/services/ListProviderMonthAvailabilityService.ts
FN:21,ListProvidersMonthAvailabilityService
FN:26,Object.<anonymous>.ListProvidersMonthAvailabilityService.execute
FNF:2
FNH:2
FNDA:1,ListProvidersMonthAvailabilityService
FNDA:1,Object.<anonymous>.ListProvidersMonthAvailabilityService.execute
DA:1,1
DA:2,1
DA:3,1
DA:4,1
DA:5,1
DA:6,1
DA:7,1
DA:8,1
DA:9,1
DA:10,1
DA:11,1
DA:12,1
DA:13,1
DA:14,1
DA:15,1
DA:16,1
DA:17,1
DA:18,1
DA:19,1
DA:20,1
DA:21,1
DA:22,1
DA:23,1
DA:24,1
DA:25,1
DA:26,1
DA:27,1
DA:28,1
DA:29,1
DA:30,1
DA:31,1
DA:32,1
DA:33,1
DA:34,1
DA:35,1
DA:36,1
DA:37,1
DA:38,1
DA:39,1
DA:40,1
DA:41,31
DA:42,341
DA:43,31
DA:44,31
DA:45,31
DA:46,31
DA:47,31
DA:48,31
DA:49,1
DA:50,1
DA:51,1
DA:52,1
DA:53,1
DA:54,1
DA:55,1
LF:55
LH:55
BRDA:19,0,0,1
BRDA:21,1,0,1
BRDA:26,2,0,1
BRDA:27,3,0,1
BRDA:37,4,0,31
BRDA:40,5,0,31
BRDA:41,6,0,341
BRF:7
BRH:7
end_of_record
TN:
SF:src/modules/appointments/services/ListProvidersService.ts
FN:14,ListProvidersService
FN:21,Object.<anonymous>.ListProvidersService.execute
FNF:2
FNH:2
FNDA:1,ListProvidersService
FNDA:1,Object.<anonymous>.ListProvidersService.execute
DA:1,1
DA:2,1
DA:3,1
DA:4,1
DA:5,1
DA:6,1
DA:7,1
DA:8,1
DA:9,1
DA:10,1
DA:11,1
DA:12,1
DA:13,1
DA:14,1
DA:15,1
DA:16,1
DA:17,1
DA:18,1
DA:19,1
DA:20,1
DA:21,1
DA:22,1
DA:23,1
DA:24,1
DA:25,1
DA:26,1
DA:27,1
DA:28,1
DA:29,1
DA:30,1
DA:31,1
DA:32,1
LF:32
LH:32
BRDA:12,0,0,1
BRDA:14,1,0,1
BRDA:21,2,0,1
BRDA:22,3,0,1
BRDA:26,4,0,2
BRF:5
BRH:5
end_of_record
TN:
SF:src/modules/users/services/AuthenticateUserService.ts
FN:25,AuthenticateUserService
FN:35,Object.<anonymous>.AuthenticateUserService.execute
FNF:2
FNH:2
FNDA:3,AuthenticateUserService
FNDA:3,Object.<anonymous>.AuthenticateUserService.execute
DA:1,1
DA:2,1
DA:3,1
DA:4,1
DA:5,1
DA:6,1
DA:7,1
DA:8,1
DA:9,1
DA:10,1
DA:11,1
DA:12,1
DA:13,1
DA:14,1
DA:15,1
DA:16,1
DA:17,1
DA:18,1
DA:19,1
DA:20,1
DA:21,1
DA:22,1
DA:23,1
DA:24,1
DA:25,1
DA:26,3
DA:27,3
DA:28,3
DA:29,3
DA:30,3
DA:31,3
DA:32,3
DA:33,3
DA:34,1
DA:35,1
DA:36,3
DA:37,3
DA:38,3
DA:39,1
DA:40,1
DA:41,2
DA:42,2
DA:43,3
DA:44,3
DA:45,1
DA:46,1
DA:47,1
DA:48,1
DA:49,1
DA:50,1
DA:51,1
DA:52,1
DA:53,1
DA:54,1
DA:55,1
DA:56,3
DA:57,1
DA:58,1
DA:59,1
LF:59
LH:59
BRDA:23,0,0,1
BRDA:25,1,0,3
BRDA:35,2,0,3
BRDA:36,3,0,3
BRDA:38,4,0,1
BRDA:41,5,0,2
BRDA:44,6,0,1
BRF:7
BRH:7
end_of_record
TN:
SF:src/modules/users/services/CreateUserService.ts
FN:16,CreateUserService
FN:26,Object.<anonymous>.CreateUserService.execute
FNF:2
FNH:2
FNDA:3,CreateUserService
FNDA:2,Object.<anonymous>.CreateUserService.execute
DA:1,1
DA:2,1
DA:3,1
DA:4,1
DA:5,1
DA:6,1
DA:7,1
DA:8,1
DA:9,1
DA:10,1
DA:11,1
DA:12,1
DA:13,1
DA:14,1
DA:15,1
DA:16,1
DA:17,3
DA:18,3
DA:19,3
DA:20,3
DA:21,3
DA:22,3
DA:23,3
DA:24,3
DA:25,1
DA:26,1
DA:27,2
DA:28,2
DA:29,2
DA:30,2
DA:31,2
DA:32,0
DA:33,0
DA:34,2
DA:35,2
DA:36,2
DA:37,2
DA:38,2
DA:39,2
DA:40,2
DA:41,2
DA:42,2
DA:43,2
DA:44,2
DA:45,1
DA:46,1
DA:47,1
LF:47
LH:45
BRDA:15,0,0,1
BRDA:16,1,0,3
BRDA:26,2,0,2
BRDA:29,3,0,2
BRDA:31,4,0,0
BRF:5
BRH:4
end_of_record
TN:
SF:src/modules/users/services/ResetPasswordService.ts
FN:19,ResetPasswordService
FN:32,Object.<anonymous>.ResetPasswordService.execute
FNF:2
FNH:2
FNDA:4,ResetPasswordService
FNDA:4,Object.<anonymous>.ResetPasswordService.execute
DA:1,1
DA:2,1
DA:3,1
DA:4,1
DA:5,1
DA:6,1
DA:7,1
DA:8,1
DA:9,1
DA:10,1
DA:11,1
DA:12,1
DA:13,1
DA:14,1
DA:15,1
DA:16,1
DA:17,1
DA:18,1
DA:19,1
DA:20,4
DA:21,4
DA:22,4
DA:23,4
DA:24,4
DA:25,4
DA:26,4
DA:27,4
DA:28,4
DA:29,4
DA:30,4
DA:31,1
DA:32,1
DA:33,4
DA:34,4
DA:35,4
DA:36,1
DA:37,1
DA:38,3
DA:39,3
DA:40,4
DA:41,4
DA:42,1
DA:43,1
DA:44,2
DA:45,2
DA:46,2
DA:47,2
DA:48,4
DA:49,1
DA:50,1
DA:51,1
DA:52,1
DA:53,4
DA:54,4
DA:55,4
DA:56,1
DA:57,1
DA:58,1
LF:58
LH:58
BRDA:18,0,0,1
BRDA:19,1,0,4
BRDA:32,2,0,4
BRDA:33,3,0,4
BRDA:35,4,0,1
BRDA:38,5,0,3
BRDA:41,6,0,1
BRDA:44,7,0,2
BRDA:48,8,0,1
BRF:9
BRH:9
end_of_record
TN:
SF:src/modules/users/services/SendForgotPasswordEmailsService.ts
FN:18,SendForgotPasswordEmailsService
FN:31,Object.<anonymous>.SendForgotPasswordEmailsService.execute
FNF:2
FNH:2
FNDA:3,SendForgotPasswordEmailsService
FNDA:3,Object.<anonymous>.SendForgotPasswordEmailsService.execute
DA:1,1
DA:2,1
DA:3,1
DA:4,1
DA:5,1
DA:6,1
DA:7,1
DA:8,1
DA:9,1
DA:10,1
DA:11,1
DA:12,1
DA:13,1
DA:14,1
DA:15,1
DA:16,1
DA:17,1
DA:18,1
DA:19,3
DA:20,3
DA:21,3
DA:22,3
DA:23,3
DA:24,3
DA:25,3
DA:26,3
DA:27,3
DA:28,3
DA:29,3
DA:30,1
DA:31,1
DA:32,3
DA:33,3
DA:34,3
DA:35,3
DA:36,1
DA:37,1
DA:38,2
DA:39,2
DA:40,3
DA:41,3
DA:42,3
DA:43,3
DA:44,3
DA:45,3
DA:46,3
DA:47,3
DA:48,3
DA:49,3
DA:50,3
DA:51,3
DA:52,3
DA:53,3
DA:54,3
DA:55,3
DA:56,3
DA:57,3
DA:58,3
DA:59,3
DA:60,3
DA:61,3
DA:62,3
DA:63,3
DA:64,1
DA:65,1
DA:66,1
LF:66
LH:66
BRDA:17,0,0,1
BRDA:18,1,0,3
BRDA:31,2,0,3
BRDA:33,3,0,3
BRDA:35,4,0,1
BRDA:38,5,0,2
BRF:6
BRH:6
end_of_record
TN:
SF:src/modules/users/services/ShowProfileService.ts
FN:16,ShowProfileService
FN:23,Object.<anonymous>.ShowProfileService.execute
FNF:2
FNH:2
FNDA:2,ShowProfileService
FNDA:2,Object.<anonymous>.ShowProfileService.execute
DA:1,1
DA:2,1
DA:3,1
DA:4,1
DA:5,1
DA:6,1
DA:7,1
DA:8,1
DA:9,1
DA:10,1
DA:11,1
DA:12,1
DA:13,1
DA:14,1
DA:15,1
DA:16,1
DA:17,2
DA:18,2
DA:19,2
DA:20,2
DA:21,2
DA:22,1
DA:23,1
DA:24,2
DA:25,2
DA:26,2
DA:27,1
DA:28,1
DA:29,1
DA:30,1
DA:31,2
DA:32,1
DA:33,1
DA:34,1
LF:34
LH:34
BRDA:14,0,0,1
BRDA:16,1,0,2
BRDA:23,2,0,2
BRDA:24,3,0,2
BRDA:26,4,0,1
BRF:5
BRH:5
end_of_record
TN:
SF:src/modules/users/services/UpdateProfileService.ts
FN:22,UpdateProfileService
FN:32,Object.<anonymous>.UpdateProfileService.execute
FNF:2
FNH:2
FNDA:6,UpdateProfileService
FNDA:6,Object.<anonymous>.UpdateProfileService.execute
DA:1,1
DA:2,1
DA:3,1
DA:4,1
DA:5,1
DA:6,1
DA:7,1
DA:8,1
DA:9,1
DA:10,1
DA:11,1
DA:12,1
DA:13,1
DA:14,1
DA:15,1
DA:16,1
DA:17,1
DA:18,1
DA:19,1
DA:20,1
DA:21,1
DA:22,1
DA:23,6
DA:24,6
DA:25,6
DA:26,6
DA:27,6
DA:28,6
DA:29,6
DA:30,6
DA:31,1
DA:32,1
DA:33,6
DA:34,6
DA:35,6
DA:36,1
DA:37,1
DA:38,5
DA:39,5
DA:40,6
DA:41,6
DA:42,1
DA:43,1
DA:44,4
DA:45,6
DA:46,1
DA:47,1
DA:48,3
DA:49,6
DA:50,2
DA:51,2
DA:52,2
DA:53,2
DA:54,6
DA:55,6
DA:56,1
DA:57,1
DA:58,1
DA:59,1
DA:60,6
DA:61,6
DA:62,6
DA:63,6
DA:64,6
DA:65,6
DA:66,6
DA:67,1
DA:68,1
DA:69,1
LF:69
LH:69
BRDA:20,0,0,1
BRDA:22,1,0,6
BRDA:32,2,0,6
BRDA:33,3,0,6
BRDA:35,4,0,1
BRDA:38,5,0,5
BRDA:41,6,0,1
BRDA:41,7,0,1
BRDA:44,8,0,4
BRDA:45,9,0,3
BRDA:45,10,0,1
BRDA:48,11,0,3
BRDA:49,12,0,2
BRDA:49,13,0,1
BRDA:49,14,0,2
BRDA:55,15,0,1
BRF:16
BRH:16
end_of_record
TN:
SF:src/modules/users/services/UpdateUserAvatarService.ts
FN:22,UpdateUserAvatarService
FN:32,Object.<anonymous>.UpdateUserAvatarService.execute
FNF:2
FNH:2
FNDA:4,UpdateUserAvatarService
FNDA:4,Object.<anonymous>.UpdateUserAvatarService.execute
DA:1,1
DA:2,1
DA:3,1
DA:4,1
DA:5,1
DA:6,1
DA:7,1
DA:8,1
DA:9,1
DA:10,1
DA:11,1
DA:12,1
DA:13,1
DA:14,1
DA:15,1
DA:16,1
DA:17,1
DA:18,1
DA:19,1
DA:20,1
DA:21,1
DA:22,1
DA:23,4
DA:24,4
DA:25,4
DA:26,4
DA:27,4
DA:28,4
DA:29,4
DA:30,4
DA:31,1
DA:32,1
DA:33,4
DA:34,4
DA:35,4
DA:36,1
DA:37,1
DA:38,1
DA:39,1
DA:40,1
DA:41,3
DA:42,3
DA:43,1
DA:44,4
DA:45,4
DA:46,4
DA:47,4
DA:48,4
DA:49,4
DA:50,4
DA:51,4
DA:52,4
DA:53,4
DA:54,1
DA:55,1
DA:56,1
LF:56
LH:56
BRDA:20,0,0,1
BRDA:22,1,0,4
BRDA:32,2,0,4
BRDA:33,3,0,4
BRDA:35,4,0,1
BRDA:41,5,0,3
BRDA:42,6,0,2
BRDA:42,7,0,1
BRDA:46,8,0,3
BRF:9
BRH:9
end_of_record
